#
# There is insufficient memory for the Java Runtime Environment to continue.
# Native memory allocation (malloc) failed to allocate 1032336 bytes for Chunk::new
# Possible reasons:
#   The system is out of physical RAM or swap space
#   The process is running with CompressedOops enabled, and the Java Heap may be blocking the growth of the native heap
# Possible solutions:
#   Reduce memory load on the system
#   Increase physical memory or swap space
#   Check if swap backing store is full
#   Decrease Java heap size (-Xmx/-Xms)
#   Decrease number of Java threads
#   Decrease Java thread stack sizes (-Xss)
#   Set larger code cache with -XX:ReservedCodeCacheSize=
#   JVM is running with Zero Based Compressed Oops mode in which the Java heap is
#     placed in the first 32GB address space. The Java Heap base address is the
#     maximum limit for the native heap growth. Please use -XX:HeapBaseMinAddress
#     to set the Java Heap base and to place the Java Heap above 32GB virtual address.
# This output file may be truncated or incomplete.
#
#  Out of Memory Error (arena.cpp:189), pid=10668, tid=8536
#
# JRE version: Java(TM) SE Runtime Environment (17.0.12+8) (build 17.0.12+8-LTS-286)
# Java VM: Java HotSpot(TM) 64-Bit Server VM (17.0.12+8-LTS-286, mixed mode, sharing, tiered, compressed oops, compressed class ptrs, g1 gc, windows-amd64)
# No core dump will be written. Minidumps are not enabled by default on client versions of Windows
#

---------------  S U M M A R Y ------------

Command Line: -javaagent:C:\Program Files\JetBrains\IntelliJ IDEA Community Edition 2024.3.1.1\lib\idea_rt.jar=55041:C:\Program Files\JetBrains\IntelliJ IDEA Community Edition 2024.3.1.1\bin -Dfile.encoding=UTF-8 com.ml_service.MlServiceApplication

Host: Intel(R) Core(TM) i5-10400 CPU @ 2.90GHz, 5 cores, 9G,  Windows 10 , 64 bit Build 19041 (10.0.19041.5438)
Time: Tue Mar 25 14:52:43 2025 India Standard Time elapsed time: 88.684113 seconds (0d 0h 1m 28s)

---------------  T H R E A D  ---------------

Current thread (0x0000022936303b20):  JavaThread "C2 CompilerThread0" daemon [_thread_in_native, id=8536, stack(0x000000b90c900000,0x000000b90ca00000)]


Current CompileTask:
C2:  88734 6229       4       java.lang.Class::getMethod (59 bytes)

Stack: [0x000000b90c900000,0x000000b90ca00000]
Native frames: (J=compiled Java code, j=interpreted, Vv=VM code, C=native code)
V  [jvm.dll+0x67a04a]
V  [jvm.dll+0x7da4ed]
V  [jvm.dll+0x7dbe33]
V  [jvm.dll+0x7dc4a3]
V  [jvm.dll+0x24508f]
V  [jvm.dll+0xab773]
V  [jvm.dll+0xabd3c]
V  [jvm.dll+0x361b9f]
V  [jvm.dll+0x32c431]
V  [jvm.dll+0x32b8ca]
V  [jvm.dll+0x21683f]
V  [jvm.dll+0x215c6f]
V  [jvm.dll+0x1a2960]
V  [jvm.dll+0x22610b]
V  [jvm.dll+0x2242ab]
V  [jvm.dll+0x79075c]
V  [jvm.dll+0x78abea]
V  [jvm.dll+0x678f35]
C  [ucrtbase.dll+0x21bb2]
C  [KERNEL32.DLL+0x17374]
C  [ntdll.dll+0x4cc91]


---------------  P R O C E S S  ---------------

Threads class SMR info:
_java_thread_list=0x000002297cf86520, length=33, elements={
0x00000229362ebb00, 0x00000229362ed830, 0x00000229362fbdc0, 0x00000229362fe990,
0x0000022936301460, 0x0000022936302e30, 0x0000022936303b20, 0x0000022936315a50,
0x0000022936316860, 0x00000229362d5530, 0x000002293648ff40, 0x0000022936591510,
0x00000229151a5b30, 0x00000229151a46f0, 0x000002297cf40f90, 0x000002297cf46090,
0x000002297cf40570, 0x000002297cf44740, 0x000002297cf45670, 0x000002297cf45b80,
0x000002297cf428e0, 0x000002297cf44c50, 0x000002297cf45160, 0x000002297cf465a0,
0x000002297cf46ab0, 0x000002297cf43810, 0x000002297cf41ec0, 0x000002297cf414a0,
0x000002297cf419b0, 0x000002297cf423d0, 0x000002297cf46fc0, 0x000002297cf43d20,
0x0000022936393810
}

Java Threads: ( => current thread )
  0x00000229362ebb00 JavaThread "Reference Handler" daemon [_thread_blocked, id=14204, stack(0x000000b90c300000,0x000000b90c400000)]
  0x00000229362ed830 JavaThread "Finalizer" daemon [_thread_blocked, id=14824, stack(0x000000b90c400000,0x000000b90c500000)]
  0x00000229362fbdc0 JavaThread "Signal Dispatcher" daemon [_thread_blocked, id=16144, stack(0x000000b90c500000,0x000000b90c600000)]
  0x00000229362fe990 JavaThread "Attach Listener" daemon [_thread_blocked, id=16836, stack(0x000000b90c600000,0x000000b90c700000)]
  0x0000022936301460 JavaThread "Service Thread" daemon [_thread_blocked, id=5328, stack(0x000000b90c700000,0x000000b90c800000)]
  0x0000022936302e30 JavaThread "Monitor Deflation Thread" daemon [_thread_blocked, id=15584, stack(0x000000b90c800000,0x000000b90c900000)]
=>0x0000022936303b20 JavaThread "C2 CompilerThread0" daemon [_thread_in_native, id=8536, stack(0x000000b90c900000,0x000000b90ca00000)]
  0x0000022936315a50 JavaThread "C1 CompilerThread0" daemon [_thread_blocked, id=15256, stack(0x000000b90ca00000,0x000000b90cb00000)]
  0x0000022936316860 JavaThread "Sweeper thread" daemon [_thread_blocked, id=15672, stack(0x000000b90cb00000,0x000000b90cc00000)]
  0x00000229362d5530 JavaThread "Common-Cleaner" daemon [_thread_blocked, id=17168, stack(0x000000b90cc00000,0x000000b90cd00000)]
  0x000002293648ff40 JavaThread "Monitor Ctrl-Break" daemon [_thread_in_native, id=836, stack(0x000000b90cd00000,0x000000b90ce00000)]
  0x0000022936591510 JavaThread "Notification Thread" daemon [_thread_blocked, id=10264, stack(0x000000b90ce00000,0x000000b90cf00000)]
  0x00000229151a5b30 JavaThread "mysql-cj-abandoned-connection-cleanup" daemon [_thread_blocked, id=16532, stack(0x000000b90d800000,0x000000b90d900000)]
  0x00000229151a46f0 JavaThread "HikariPool-1 housekeeper" daemon [_thread_blocked, id=17368, stack(0x000000b90d600000,0x000000b90d700000)]
  0x000002297cf40f90 JavaThread "Catalina-utility-1" [_thread_blocked, id=6260, stack(0x000000b90db00000,0x000000b90dc00000)]
  0x000002297cf46090 JavaThread "Catalina-utility-2" [_thread_blocked, id=14556, stack(0x000000b90dc00000,0x000000b90dd00000)]
  0x000002297cf40570 JavaThread "container-0" [_thread_blocked, id=16336, stack(0x000000b90dd00000,0x000000b90de00000)]
  0x000002297cf44740 JavaThread "File Watcher" daemon [_thread_blocked, id=7120, stack(0x000000b90de00000,0x000000b90df00000)]
  0x000002297cf45670 JavaThread "Live Reload Server" daemon [_thread_in_native, id=8440, stack(0x000000b90e000000,0x000000b90e100000)]
  0x000002297cf45b80 JavaThread "http-nio-8082-exec-1" daemon [_thread_blocked, id=9208, stack(0x000000b90df00000,0x000000b90e000000)]
  0x000002297cf428e0 JavaThread "http-nio-8082-exec-2" daemon [_thread_blocked, id=9056, stack(0x000000b90e100000,0x000000b90e200000)]
  0x000002297cf44c50 JavaThread "http-nio-8082-exec-3" daemon [_thread_blocked, id=7820, stack(0x000000b90e200000,0x000000b90e300000)]
  0x000002297cf45160 JavaThread "http-nio-8082-exec-4" daemon [_thread_blocked, id=15408, stack(0x000000b90e300000,0x000000b90e400000)]
  0x000002297cf465a0 JavaThread "http-nio-8082-exec-5" daemon [_thread_blocked, id=15372, stack(0x000000b90e400000,0x000000b90e500000)]
  0x000002297cf46ab0 JavaThread "http-nio-8082-exec-6" daemon [_thread_blocked, id=16020, stack(0x000000b90e500000,0x000000b90e600000)]
  0x000002297cf43810 JavaThread "http-nio-8082-exec-7" daemon [_thread_blocked, id=16424, stack(0x000000b90e600000,0x000000b90e700000)]
  0x000002297cf41ec0 JavaThread "http-nio-8082-exec-8" daemon [_thread_blocked, id=16488, stack(0x000000b90e700000,0x000000b90e800000)]
  0x000002297cf414a0 JavaThread "http-nio-8082-exec-9" daemon [_thread_blocked, id=12308, stack(0x000000b90e800000,0x000000b90e900000)]
  0x000002297cf419b0 JavaThread "http-nio-8082-exec-10" daemon [_thread_blocked, id=3212, stack(0x000000b90e900000,0x000000b90ea00000)]
  0x000002297cf423d0 JavaThread "http-nio-8082-Poller" daemon [_thread_in_native, id=16156, stack(0x000000b90ea00000,0x000000b90eb00000)]
  0x000002297cf46fc0 JavaThread "http-nio-8082-Acceptor" daemon [_thread_in_native, id=17340, stack(0x000000b90eb00000,0x000000b90ec00000)]
  0x000002297cf43d20 JavaThread "DestroyJavaVM" [_thread_blocked, id=17180, stack(0x000000b90bc00000,0x000000b90bd00000)]
  0x0000022936393810 JavaThread "C2 CompilerThread1" daemon [_thread_in_native, id=14584, stack(0x000000b90da00000,0x000000b90db00000)]

Other Threads:
  0x00000229362e4620 VMThread "VM Thread" [stack: 0x000000b90c200000,0x000000b90c300000] [id=15828]
  0x0000022915190a50 WatcherThread [stack: 0x000000b90cf00000,0x000000b90d000000] [id=15908]
  0x00000229174d2240 GCTaskThread "GC Thread#0" [stack: 0x000000b90bd00000,0x000000b90be00000] [id=16548]
  0x000002293675e3a0 GCTaskThread "GC Thread#1" [stack: 0x000000b90d000000,0x000000b90d100000] [id=17116]
  0x000002293675e660 GCTaskThread "GC Thread#2" [stack: 0x000000b90d100000,0x000000b90d200000] [id=17088]
  0x0000022936a9a3f0 GCTaskThread "GC Thread#3" [stack: 0x000000b90d200000,0x000000b90d300000] [id=15912]
  0x00000229365fe690 GCTaskThread "GC Thread#4" [stack: 0x000000b90d300000,0x000000b90d400000] [id=16936]
  0x00000229174dd190 ConcurrentGCThread "G1 Main Marker" [stack: 0x000000b90be00000,0x000000b90bf00000] [id=10948]
  0x00000229174dfd70 ConcurrentGCThread "G1 Conc#0" [stack: 0x000000b90bf00000,0x000000b90c000000] [id=336]
  0x000002291751e540 ConcurrentGCThread "G1 Refine#0" [stack: 0x000000b90c000000,0x000000b90c100000] [id=12620]
  0x000002297e4e5260 ConcurrentGCThread "G1 Refine#1" [stack: 0x000000b90d700000,0x000000b90d800000] [id=16612]
  0x00000229361a70e0 ConcurrentGCThread "G1 Service" [stack: 0x000000b90c100000,0x000000b90c200000] [id=9116]

Threads with active compile tasks:
C2 CompilerThread0    88996 6229       4       java.lang.Class::getMethod (59 bytes)
C2 CompilerThread1    88996 6236       4       java.lang.PublicMethods::merge (81 bytes)

VM state: not at safepoint (normal execution)

VM Mutex/Monitor currently owned by a thread: None

Heap address: 0x0000000760000000, size: 2560 MB, Compressed Oops mode: Zero based, Oop shift amount: 3

CDS archive(s) mapped at: [0x0000022937000000-0x0000022937bd0000-0x0000022937bd0000), size 12386304, SharedBaseAddress: 0x0000022937000000, ArchiveRelocationMode: 1.
Compressed class space mapped at: 0x0000022938000000-0x0000022978000000, reserved size: 1073741824
Narrow klass base: 0x0000022937000000, Narrow klass shift: 0, Narrow klass range: 0x100000000

GC Precious Log:
 CPUs: 5 total, 5 available
 Memory: 10239M
 Large Page Support: Disabled
 NUMA Support: Disabled
 Compressed Oops: Enabled (Zero based)
 Heap Region Size: 2M
 Heap Min Capacity: 8M
 Heap Initial Capacity: 160M
 Heap Max Capacity: 2560M
 Pre-touch: Disabled
 Parallel Workers: 5
 Concurrent Workers: 1
 Concurrent Refinement Workers: 5
 Periodic GC: Disabled

Heap:
 garbage-first heap   total 61440K, used 39283K [0x0000000760000000, 0x0000000800000000)
  region size 2048K, 6 young (12288K), 1 survivors (2048K)
 Metaspace       used 75059K, committed 75712K, reserved 1179648K
  class space    used 10320K, committed 10624K, reserved 1048576K

Heap Regions: E=young(eden), S=young(survivor), O=old, HS=humongous(starts), HC=humongous(continues), CS=collection set, F=free, OA=open archive, CA=closed archive, TAMS=top-at-mark-start (previous, next)
|   0|0x0000000760000000, 0x0000000760200000, 0x0000000760200000|100%| O|  |TAMS 0x0000000760200000, 0x0000000760000000| Untracked 
|   1|0x0000000760200000, 0x0000000760400000, 0x0000000760400000|100%| O|  |TAMS 0x0000000760400000, 0x0000000760200000| Untracked 
|   2|0x0000000760400000, 0x0000000760600000, 0x0000000760600000|100%| O|  |TAMS 0x0000000760600000, 0x0000000760400000| Untracked 
|   3|0x0000000760600000, 0x0000000760800000, 0x0000000760800000|100%| O|  |TAMS 0x0000000760800000, 0x0000000760600000| Untracked 
|   4|0x0000000760800000, 0x0000000760a00000, 0x0000000760a00000|100%| O|  |TAMS 0x0000000760a00000, 0x0000000760800000| Untracked 
|   5|0x0000000760a00000, 0x0000000760c00000, 0x0000000760c00000|100%| O|  |TAMS 0x0000000760c00000, 0x0000000760a00000| Untracked 
|   6|0x0000000760c00000, 0x0000000760e00000, 0x0000000760e00000|100%| O|  |TAMS 0x0000000760e00000, 0x0000000760c00000| Untracked 
|   7|0x0000000760e00000, 0x0000000761000000, 0x0000000761000000|100%| O|  |TAMS 0x0000000761000000, 0x0000000760e00000| Untracked 
|   8|0x0000000761000000, 0x0000000761000000, 0x0000000761200000|  0%| F|  |TAMS 0x0000000761000000, 0x0000000761000000| Untracked 
|   9|0x0000000761200000, 0x0000000761400000, 0x0000000761400000|100%| O|  |TAMS 0x0000000761400000, 0x0000000761200000| Untracked 
|  10|0x0000000761400000, 0x0000000761600000, 0x0000000761600000|100%| O|  |TAMS 0x0000000761600000, 0x0000000761400000| Untracked 
|  11|0x0000000761600000, 0x0000000761800000, 0x0000000761800000|100%| O|  |TAMS 0x0000000761800000, 0x0000000761600000| Untracked 
|  12|0x0000000761800000, 0x0000000761a00000, 0x0000000761a00000|100%| O|  |TAMS 0x0000000761a00000, 0x0000000761800000| Untracked 
|  13|0x0000000761a00000, 0x0000000761c00000, 0x0000000761c00000|100%| O|  |TAMS 0x0000000761c00000, 0x0000000761a00000| Untracked 
|  14|0x0000000761c00000, 0x0000000761e00000, 0x0000000761e00000|100%| O|  |TAMS 0x0000000761e00000, 0x0000000761c00000| Untracked 
|  15|0x0000000761e00000, 0x0000000761e77800, 0x0000000762000000| 23%| O|  |TAMS 0x0000000761e77800, 0x0000000761e00000| Untracked 
|  16|0x0000000762000000, 0x0000000762000000, 0x0000000762200000|  0%| F|  |TAMS 0x0000000762000000, 0x0000000762000000| Untracked 
|  17|0x0000000762200000, 0x0000000762200000, 0x0000000762400000|  0%| F|  |TAMS 0x0000000762200000, 0x0000000762200000| Untracked 
|  18|0x0000000762400000, 0x0000000762400000, 0x0000000762600000|  0%| F|  |TAMS 0x0000000762400000, 0x0000000762400000| Untracked 
|  19|0x0000000762600000, 0x0000000762600000, 0x0000000762800000|  0%| F|  |TAMS 0x0000000762600000, 0x0000000762600000| Untracked 
|  20|0x0000000762800000, 0x0000000762800000, 0x0000000762a00000|  0%| F|  |TAMS 0x0000000762800000, 0x0000000762800000| Untracked 
|  21|0x0000000762a00000, 0x0000000762be55f8, 0x0000000762c00000| 94%| S|CS|TAMS 0x0000000762a00000, 0x0000000762a00000| Complete 
|  22|0x0000000762c00000, 0x0000000762c00000, 0x0000000762e00000|  0%| F|  |TAMS 0x0000000762c00000, 0x0000000762c00000| Untracked 
|  23|0x0000000762e00000, 0x0000000762e00000, 0x0000000763000000|  0%| F|  |TAMS 0x0000000762e00000, 0x0000000762e00000| Untracked 
|  24|0x0000000763000000, 0x0000000763000000, 0x0000000763200000|  0%| F|  |TAMS 0x0000000763000000, 0x0000000763000000| Untracked 
|  42|0x0000000765400000, 0x00000007654e3198, 0x0000000765600000| 44%| E|  |TAMS 0x0000000765400000, 0x0000000765400000| Complete 
|  43|0x0000000765600000, 0x0000000765800000, 0x0000000765800000|100%| E|CS|TAMS 0x0000000765600000, 0x0000000765600000| Complete 
|  44|0x0000000765800000, 0x0000000765a00000, 0x0000000765a00000|100%| E|CS|TAMS 0x0000000765800000, 0x0000000765800000| Complete 
|  45|0x0000000765a00000, 0x0000000765c00000, 0x0000000765c00000|100%| E|CS|TAMS 0x0000000765a00000, 0x0000000765a00000| Complete 
|  79|0x0000000769e00000, 0x000000076a000000, 0x000000076a000000|100%| E|CS|TAMS 0x0000000769e00000, 0x0000000769e00000| Complete 

Card table byte_map: [0x000002292e210000,0x000002292e710000] _byte_map_base: 0x000002292a710000

Marking Bits (Prev, Next): (CMBitMap*) 0x00000229174d28a0, (CMBitMap*) 0x00000229174d2860
 Prev Bits: [0x0000022931410000, 0x0000022933c10000)
 Next Bits: [0x000002292ec10000, 0x0000022931410000)

Polling page: 0x0000022915320000

Metaspace:

Usage:
  Non-class:     63.22 MB used.
      Class:     10.08 MB used.
       Both:     73.30 MB used.

Virtual space:
  Non-class space:      128.00 MB reserved,      63.56 MB ( 50%) committed,  2 nodes.
      Class space:        1.00 GB reserved,      10.38 MB (  1%) committed,  1 nodes.
             Both:        1.12 GB reserved,      73.94 MB (  6%) committed. 

Chunk freelists:
   Non-Class:  15.95 MB
       Class:  5.66 MB
        Both:  21.61 MB

MaxMetaspaceSize: unlimited
CompressedClassSpaceSize: 1.00 GB
Initial GC threshold: 21.00 MB
Current GC threshold: 113.69 MB
CDS: on
MetaspaceReclaimPolicy: balanced
 - commit_granule_bytes: 65536.
 - commit_granule_words: 8192.
 - virtual_space_node_default_size: 8388608.
 - enlarge_chunks_in_place: 1.
 - new_chunks_are_fully_committed: 0.
 - uncommit_free_chunks: 1.
 - use_allocation_guard: 0.
 - handle_deallocations: 1.


Internal statistics:

num_allocs_failed_limit: 12.
num_arena_births: 844.
num_arena_deaths: 0.
num_vsnodes_births: 3.
num_vsnodes_deaths: 0.
num_space_committed: 1183.
num_space_uncommitted: 0.
num_chunks_returned_to_freelist: 12.
num_chunks_taken_from_freelist: 3503.
num_chunk_merges: 12.
num_chunk_splits: 2555.
num_chunks_enlarged: 2027.
num_inconsistent_stats: 0.

CodeHeap 'non-profiled nmethods': size=120000Kb used=4255Kb max_used=4255Kb free=115744Kb
 bounds [0x00000229267e0000, 0x0000022926c10000, 0x000002292dd10000]
CodeHeap 'profiled nmethods': size=120000Kb used=11211Kb max_used=11211Kb free=108788Kb
 bounds [0x000002291ed10000, 0x000002291f810000, 0x0000022926240000]
CodeHeap 'non-nmethods': size=5760Kb used=1370Kb max_used=1447Kb free=4389Kb
 bounds [0x0000022926240000, 0x00000229264b0000, 0x00000229267e0000]
 total_blobs=6188 nmethods=5479 adapters=621
 compilation: enabled
              stopped_count=0, restarted_count=0
 full_count=0

Compilation events (20 events):
Event: 88.629 Thread 0x0000022936315a50 6268       3       java.net.URLClassLoader$2::run (5 bytes)
Event: 88.630 Thread 0x0000022936315a50 nmethod 6268 0x000002291f7fed10 code [0x000002291f7feec0, 0x000002291f7ff0a8]
Event: 88.630 Thread 0x0000022936315a50 6269       3       java.util.logging.Logger::isLoggable (27 bytes)
Event: 88.630 Thread 0x0000022936315a50 nmethod 6269 0x000002291f7ff190 code [0x000002291f7ff340, 0x000002291f7ff518]
Event: 88.649 Thread 0x0000022936315a50 6270       3       java.lang.Module::canRead (86 bytes)
Event: 88.650 Thread 0x0000022936315a50 nmethod 6270 0x000002291f7ff610 code [0x000002291f7ff9c0, 0x000002291f8017e8]
Event: 88.650 Thread 0x0000022936315a50 6271       3       org.apache.catalina.connector.Request::getAttribute (336 bytes)
Event: 88.651 Thread 0x0000022936315a50 nmethod 6271 0x000002291f801e90 code [0x000002291f802280, 0x000002291f803fe8]
Event: 88.651 Thread 0x0000022936315a50 6272       3       org.apache.catalina.connector.RequestFacade::getAttribute (13 bytes)
Event: 88.652 Thread 0x0000022936315a50 nmethod 6272 0x000002291f804910 code [0x000002291f804ae0, 0x000002291f804e08]
Event: 88.652 Thread 0x0000022936315a50 6273       3       java.util.concurrent.locks.ReentrantReadWriteLock$ReadLock::lock (9 bytes)
Event: 88.652 Thread 0x0000022936315a50 nmethod 6273 0x000002291f804f90 code [0x000002291f805140, 0x000002291f805288]
Event: 88.653 Thread 0x0000022936315a50 6275       1       java.nio.DirectByteBuffer::isReadOnly (2 bytes)
Event: 88.653 Thread 0x0000022936315a50 nmethod 6275 0x0000022926c07b90 code [0x0000022926c07d20, 0x0000022926c07df8]
Event: 88.653 Thread 0x0000022936315a50 6276       3       org.apache.tomcat.util.buf.AbstractChunk::recycle (21 bytes)
Event: 88.653 Thread 0x0000022936315a50 nmethod 6276 0x000002291f805390 code [0x000002291f805520, 0x000002291f805638]
Event: 88.653 Thread 0x0000022936315a50 6277       3       org.apache.tomcat.util.buf.MessageBytes::recycle (35 bytes)
Event: 88.653 Thread 0x0000022936315a50 nmethod 6277 0x000002291f805710 code [0x000002291f8058c0, 0x000002291f805c38]
Event: 88.653 Thread 0x0000022936315a50 6278       3       org.apache.tomcat.util.buf.ByteChunk::recycle (10 bytes)
Event: 88.653 Thread 0x0000022936315a50 nmethod 6278 0x000002291f805d90 code [0x000002291f805f20, 0x000002291f8060d8]

GC Heap History (20 events):
Event: 11.190 GC heap before
{Heap before GC invocations=9 (full 0):
 garbage-first heap   total 61440K, used 19799K [0x0000000760000000, 0x0000000800000000)
  region size 2048K, 3 young (6144K), 2 survivors (4096K)
 Metaspace       used 35580K, committed 35968K, reserved 1114112K
  class space    used 4734K, committed 4928K, reserved 1048576K
}
Event: 11.193 GC heap after
{Heap after GC invocations=10 (full 0):
 garbage-first heap   total 61440K, used 19852K [0x0000000760000000, 0x0000000800000000)
  region size 2048K, 1 young (2048K), 1 survivors (2048K)
 Metaspace       used 35580K, committed 35968K, reserved 1114112K
  class space    used 4734K, committed 4928K, reserved 1048576K
}
Event: 13.797 GC heap before
{Heap before GC invocations=11 (full 0):
 garbage-first heap   total 61440K, used 42380K [0x0000000760000000, 0x0000000800000000)
  region size 2048K, 13 young (26624K), 1 survivors (2048K)
 Metaspace       used 44897K, committed 45376K, reserved 1114112K
  class space    used 5892K, committed 6144K, reserved 1048576K
}
Event: 13.802 GC heap after
{Heap after GC invocations=12 (full 0):
 garbage-first heap   total 61440K, used 22520K [0x0000000760000000, 0x0000000800000000)
  region size 2048K, 2 young (4096K), 2 survivors (4096K)
 Metaspace       used 44897K, committed 45376K, reserved 1114112K
  class space    used 5892K, committed 6144K, reserved 1048576K
}
Event: 14.392 GC heap before
{Heap before GC invocations=12 (full 0):
 garbage-first heap   total 61440K, used 45048K [0x0000000760000000, 0x0000000800000000)
  region size 2048K, 13 young (26624K), 2 survivors (4096K)
 Metaspace       used 50088K, committed 50560K, reserved 1114112K
  class space    used 6538K, committed 6784K, reserved 1048576K
}
Event: 14.396 GC heap after
{Heap after GC invocations=13 (full 0):
 garbage-first heap   total 61440K, used 23981K [0x0000000760000000, 0x0000000800000000)
  region size 2048K, 1 young (2048K), 1 survivors (2048K)
 Metaspace       used 50088K, committed 50560K, reserved 1114112K
  class space    used 6538K, committed 6784K, reserved 1048576K
}
Event: 15.126 GC heap before
{Heap before GC invocations=13 (full 0):
 garbage-first heap   total 61440K, used 44461K [0x0000000760000000, 0x0000000800000000)
  region size 2048K, 12 young (24576K), 1 survivors (2048K)
 Metaspace       used 56542K, committed 57088K, reserved 1114112K
  class space    used 7624K, committed 7872K, reserved 1048576K
}
Event: 15.128 GC heap after
{Heap after GC invocations=14 (full 0):
 garbage-first heap   total 61440K, used 24475K [0x0000000760000000, 0x0000000800000000)
  region size 2048K, 2 young (4096K), 2 survivors (4096K)
 Metaspace       used 56542K, committed 57088K, reserved 1114112K
  class space    used 7624K, committed 7872K, reserved 1048576K
}
Event: 29.357 GC heap before
{Heap before GC invocations=14 (full 0):
 garbage-first heap   total 61440K, used 38811K [0x0000000760000000, 0x0000000800000000)
  region size 2048K, 10 young (20480K), 2 survivors (4096K)
 Metaspace       used 59781K, committed 60288K, reserved 1114112K
  class space    used 8036K, committed 8256K, reserved 1048576K
}
Event: 29.360 GC heap after
{Heap after GC invocations=15 (full 0):
 garbage-first heap   total 61440K, used 25477K [0x0000000760000000, 0x0000000800000000)
  region size 2048K, 2 young (4096K), 2 survivors (4096K)
 Metaspace       used 59781K, committed 60288K, reserved 1114112K
  class space    used 8036K, committed 8256K, reserved 1048576K
}
Event: 30.183 GC heap before
{Heap before GC invocations=16 (full 0):
 garbage-first heap   total 61440K, used 48005K [0x0000000760000000, 0x0000000800000000)
  region size 2048K, 13 young (26624K), 2 survivors (4096K)
 Metaspace       used 63300K, committed 63872K, reserved 1114112K
  class space    used 8630K, committed 8896K, reserved 1048576K
}
Event: 30.187 GC heap after
{Heap after GC invocations=17 (full 0):
 garbage-first heap   total 61440K, used 27385K [0x0000000760000000, 0x0000000800000000)
  region size 2048K, 2 young (4096K), 2 survivors (4096K)
 Metaspace       used 63300K, committed 63872K, reserved 1114112K
  class space    used 8630K, committed 8896K, reserved 1048576K
}
Event: 30.726 GC heap before
{Heap before GC invocations=18 (full 0):
 garbage-first heap   total 61440K, used 47865K [0x0000000760000000, 0x0000000800000000)
  region size 2048K, 12 young (24576K), 2 survivors (4096K)
 Metaspace       used 65966K, committed 66560K, reserved 1114112K
  class space    used 9038K, committed 9344K, reserved 1048576K
}
Event: 30.730 GC heap after
{Heap after GC invocations=19 (full 0):
 garbage-first heap   total 61440K, used 29473K [0x0000000760000000, 0x0000000800000000)
  region size 2048K, 2 young (4096K), 2 survivors (4096K)
 Metaspace       used 65966K, committed 66560K, reserved 1114112K
  class space    used 9038K, committed 9344K, reserved 1048576K
}
Event: 30.773 GC heap before
{Heap before GC invocations=19 (full 0):
 garbage-first heap   total 61440K, used 31521K [0x0000000760000000, 0x0000000800000000)
  region size 2048K, 3 young (6144K), 2 survivors (4096K)
 Metaspace       used 66370K, committed 67008K, reserved 1114112K
  class space    used 9091K, committed 9408K, reserved 1048576K
}
Event: 30.778 GC heap after
{Heap after GC invocations=20 (full 0):
 garbage-first heap   total 61440K, used 29916K [0x0000000760000000, 0x0000000800000000)
  region size 2048K, 1 young (2048K), 1 survivors (2048K)
 Metaspace       used 66370K, committed 67008K, reserved 1114112K
  class space    used 9091K, committed 9408K, reserved 1048576K
}
Event: 61.558 GC heap before
{Heap before GC invocations=20 (full 0):
 garbage-first heap   total 61440K, used 46300K [0x0000000760000000, 0x0000000800000000)
  region size 2048K, 9 young (18432K), 1 survivors (2048K)
 Metaspace       used 69194K, committed 69824K, reserved 1114112K
  class space    used 9462K, committed 9792K, reserved 1048576K
}
Event: 61.561 GC heap after
{Heap after GC invocations=21 (full 0):
 garbage-first heap   total 61440K, used 30684K [0x0000000760000000, 0x0000000800000000)
  region size 2048K, 1 young (2048K), 1 survivors (2048K)
 Metaspace       used 69194K, committed 69824K, reserved 1114112K
  class space    used 9462K, committed 9792K, reserved 1048576K
}
Event: 72.296 GC heap before
{Heap before GC invocations=22 (full 0):
 garbage-first heap   total 61440K, used 45020K [0x0000000760000000, 0x0000000800000000)
  region size 2048K, 9 young (18432K), 1 survivors (2048K)
 Metaspace       used 73686K, committed 74304K, reserved 1114112K
  class space    used 10125K, committed 10432K, reserved 1048576K
}
Event: 72.299 GC heap after
{Heap after GC invocations=23 (full 0):
 garbage-first heap   total 61440K, used 31091K [0x0000000760000000, 0x0000000800000000)
  region size 2048K, 1 young (2048K), 1 survivors (2048K)
 Metaspace       used 73686K, committed 74304K, reserved 1114112K
  class space    used 10125K, committed 10432K, reserved 1048576K
}

Deoptimization events (20 events):
Event: 71.888 Thread 0x000002297cf44c50 Uncommon trap: trap_request=0xffffff45 fr.pc=0x00000229268d8b78 relative=0x00000000000011d8
Event: 71.888 Thread 0x000002297cf44c50 Uncommon trap: reason=unstable_if action=reinterpret pc=0x00000229268d8b78 method=java.util.concurrent.ConcurrentHashMap.computeIfAbsent(Ljava/lang/Object;Ljava/util/function/Function;)Ljava/lang/Object; @ 364 c2
Event: 71.888 Thread 0x000002297cf44c50 DEOPT PACKING pc=0x00000229268d8b78 sp=0x000000b90e2fa6e0
Event: 71.888 Thread 0x000002297cf44c50 DEOPT UNPACKING pc=0x00000229262923a3 sp=0x000000b90e2fa660 mode 2
Event: 72.202 Thread 0x000002297cf44c50 Uncommon trap: trap_request=0xffffff54 fr.pc=0x0000022926bb2628 relative=0x0000000000000ce8
Event: 72.202 Thread 0x000002297cf44c50 Uncommon trap: reason=speculate_null_assert action=make_not_entrant pc=0x0000022926bb2628 method=org.springframework.transaction.interceptor.AbstractFallbackTransactionAttributeSource.getTransactionAttribute(Ljava/lang/reflect/Method;Ljava/lang/Class;Z)Lo
Event: 72.202 Thread 0x000002297cf44c50 DEOPT PACKING pc=0x0000022926bb2628 sp=0x000000b90e2fa9d0
Event: 72.202 Thread 0x000002297cf44c50 DEOPT UNPACKING pc=0x00000229262923a3 sp=0x000000b90e2faa68 mode 2
Event: 72.314 Thread 0x000002297cf44c50 Uncommon trap: trap_request=0xffffff45 fr.pc=0x000002292692b858 relative=0x0000000000000398
Event: 72.314 Thread 0x000002297cf44c50 Uncommon trap: reason=unstable_if action=reinterpret pc=0x000002292692b858 method=java.util.HashMap.getNode(Ljava/lang/Object;)Ljava/util/HashMap$Node; @ 66 c2
Event: 72.314 Thread 0x000002297cf44c50 DEOPT PACKING pc=0x000002292692b858 sp=0x000000b90e2f9fc0
Event: 72.314 Thread 0x000002297cf44c50 DEOPT UNPACKING pc=0x00000229262923a3 sp=0x000000b90e2f9ee0 mode 2
Event: 72.314 Thread 0x000002297cf44c50 Uncommon trap: trap_request=0xffffff45 fr.pc=0x000002292682aa24 relative=0x00000000000002e4
Event: 72.314 Thread 0x000002297cf44c50 Uncommon trap: reason=unstable_if action=reinterpret pc=0x000002292682aa24 method=java.util.HashMap.getNode(Ljava/lang/Object;)Ljava/util/HashMap$Node; @ 66 c2
Event: 72.314 Thread 0x000002297cf44c50 DEOPT PACKING pc=0x000002292682aa24 sp=0x000000b90e2f9f50
Event: 72.314 Thread 0x000002297cf44c50 DEOPT UNPACKING pc=0x00000229262923a3 sp=0x000000b90e2f9ee0 mode 2
Event: 72.377 Thread 0x000002297cf44c50 Uncommon trap: trap_request=0xffffff45 fr.pc=0x0000022926a93bd0 relative=0x00000000000002b0
Event: 72.377 Thread 0x000002297cf44c50 Uncommon trap: reason=unstable_if action=reinterpret pc=0x0000022926a93bd0 method=java.util.concurrent.ConcurrentHashMap.get(Ljava/lang/Object;)Ljava/lang/Object; @ 152 c2
Event: 72.377 Thread 0x000002297cf44c50 DEOPT PACKING pc=0x0000022926a93bd0 sp=0x000000b90e2fae60
Event: 72.377 Thread 0x000002297cf44c50 DEOPT UNPACKING pc=0x00000229262923a3 sp=0x000000b90e2fadd8 mode 2

Classes unloaded (0 events):
No events

Classes redefined (0 events):
No events

Internal exceptions (20 events):
Event: 29.733 Thread 0x0000022936e4c540 Exception <a 'java/lang/NoSuchMethodError'{0x0000000762eb8e08}: 'long java.lang.invoke.DirectMethodHandle$Holder.invokeVirtual(java.lang.Object, java.lang.Object)'> (0x0000000762eb8e08) 
thrown [s\open\src\hotspot\share\interpreter\linkResolver.cpp, line 759]
Event: 29.738 Thread 0x0000022936e4c540 Exception <a 'java/io/FileNotFoundException'{0x0000000762ee7208}> (0x0000000762ee7208) 
thrown [s\open\src\hotspot\share\prims\jni.cpp, line 516]
Event: 29.966 Thread 0x0000022936e4c540 Exception <a 'java/lang/NoSuchMethodError'{0x000000076264ded8}: 'java.lang.Object java.lang.invoke.Invokers$Holder.invoker(java.lang.Object, java.lang.Object, java.lang.Object, java.lang.Object)'> (0x000000076264ded8) 
thrown [s\open\src\hotspot\share\interpreter\linkResolver.cpp, line 759]
Event: 29.967 Thread 0x0000022936e4c540 Exception <a 'java/lang/NoSuchMethodError'{0x0000000762657700}: 'int java.lang.invoke.DirectMethodHandle$Holder.invokeSpecial(java.lang.Object, java.lang.Object, java.lang.Object, int)'> (0x0000000762657700) 
thrown [s\open\src\hotspot\share\interpreter\linkResolver.cpp, line 759]
Event: 29.968 Thread 0x0000022936e4c540 Exception <a 'java/lang/NoSuchMethodError'{0x0000000762669db0}: 'java.lang.Object java.lang.invoke.DirectMethodHandle$Holder.invokeStatic(java.lang.Object, java.lang.Object, java.lang.Object, java.lang.Object, int)'> (0x0000000762669db0) 
thrown [s\open\src\hotspot\share\interpreter\linkResolver.cpp, line 759]
Event: 29.969 Thread 0x0000022936e4c540 Exception <a 'java/lang/NoSuchMethodError'{0x00000007626747b8}: 'void java.lang.invoke.DelegatingMethodHandle$Holder.reinvoke_L(java.lang.Object, java.lang.Object, int)'> (0x00000007626747b8) 
thrown [s\open\src\hotspot\share\interpreter\linkResolver.cpp, line 759]
Event: 29.970 Thread 0x0000022936e4c540 Exception <a 'java/lang/NoSuchMethodError'{0x0000000762682488}: 'java.lang.Object java.lang.invoke.Invokers$Holder.invokeExact_MT(java.lang.Object, java.lang.Object, java.lang.Object, java.lang.Object)'> (0x0000000762682488) 
thrown [s\open\src\hotspot\share\interpreter\linkResolver.cpp, line 759]
Event: 30.495 Thread 0x0000022936e4c540 Exception <a 'sun/nio/fs/WindowsException'{0x00000007655c6f88}> (0x00000007655c6f88) 
thrown [s\open\src\hotspot\share\prims\jni.cpp, line 516]
Event: 30.505 Thread 0x0000022936e4c540 Implicit null exception at 0x0000022926983740 to 0x00000229269847dc
Event: 30.563 Thread 0x0000022936e4c540 Exception <a 'java/lang/IncompatibleClassChangeError'{0x0000000762eb6b00}: Found class java.lang.Object, but interface was expected> (0x0000000762eb6b00) 
thrown [s\open\src\hotspot\share\interpreter\linkResolver.cpp, line 826]
Event: 30.712 Thread 0x0000022936e4c540 Exception <a 'java/lang/NoSuchMethodError'{0x0000000762932700}: 'void java.lang.invoke.DirectMethodHandle$Holder.invokeVirtual(java.lang.Object, java.lang.Object, long)'> (0x0000000762932700) 
thrown [s\open\src\hotspot\share\interpreter\linkResolver.cpp, line 759]
Event: 30.811 Thread 0x0000022936e4c540 Exception <a 'java/lang/IncompatibleClassChangeError'{0x0000000769f68870}: Found class java.lang.Object, but interface was expected> (0x0000000769f68870) 
thrown [s\open\src\hotspot\share\interpreter\linkResolver.cpp, line 826]
Event: 30.819 Thread 0x0000022936e4c540 Implicit null exception at 0x0000022926948340 to 0x0000022926948544
Event: 30.837 Thread 0x0000022936e4c540 Exception <a 'java/lang/NoSuchMethodError'{0x00000007658c2a50}: 'java.lang.Object java.lang.invoke.DirectMethodHandle$Holder.invokeSpecial(java.lang.Object, java.lang.Object, java.lang.Object, java.lang.Object, java.lang.Object, java.lang.Object, java.lang.Object, java.lang.Object, java.lang.Object, java.lang.Object, java.lang.Object)'> (0x00000007658c2a50) 
thrown [s\open\src\hotspot\share\interpreter\linkResolver.cpp, line 759]
Event: 30.837 Thread 0x0000022936e4c540 Exception <a 'java/lang/NoSuchMethodError'{0x00000007658c6e38}: 'java.lang.Object java.lang.invoke.Invokers$Holder.invoke_MT(java.lang.Object, java.lang.Object, java.lang.Object, java.lang.Object, java.lang.Object, java.lang.Object, java.lang.Object, java.lang.Object, java.lang.Object, java.lang.Object, java.lang.Object)'> (0x00000007658c6e38) 
thrown [s\open\src\hotspot\share\interpreter\linkResolver.cpp, line 759]
Event: 31.347 Thread 0x0000022936e4c540 Exception <a 'java/lang/NoSuchMethodError'{0x0000000765440be0}: 'java.lang.Object java.lang.invoke.DirectMethodHandle$Holder.newInvokeSpecial(java.lang.Object, java.lang.Object, int, java.lang.Object, java.lang.Object)'> (0x0000000765440be0) 
thrown [s\open\src\hotspot\share\interpreter\linkResolver.cpp, line 759]
Event: 38.094 Thread 0x000002297cf428e0 Exception <a 'java/lang/NoSuchMethodError'{0x0000000762eb5598}: 'java.lang.Object java.lang.invoke.DirectMethodHandle$Holder.invokeSpecial(java.lang.Object, java.lang.Object, java.lang.Object, java.lang.Object, java.lang.Object, long)'> (0x0000000762eb5598) 
thrown [s\open\src\hotspot\share\interpreter\linkResolver.cpp, line 759]
Event: 38.094 Thread 0x000002297cf428e0 Exception <a 'java/lang/NoSuchMethodError'{0x0000000762eb8f90}: 'java.lang.Object java.lang.invoke.Invokers$Holder.linkToTargetMethod(java.lang.Object, java.lang.Object, java.lang.Object, long, java.lang.Object)'> (0x0000000762eb8f90) 
thrown [s\open\src\hotspot\share\interpreter\linkResolver.cpp, line 759]
Event: 38.554 Thread 0x000002297cf428e0 Exception <a 'java/lang/NoSuchMethodError'{0x0000000762c5aee0}: 'java.lang.Object java.lang.invoke.DirectMethodHandle$Holder.invokeStatic(java.lang.Object, int, int)'> (0x0000000762c5aee0) 
thrown [s\open\src\hotspot\share\interpreter\linkResolver.cpp, line 759]
Event: 72.030 Thread 0x000002297cf44c50 Exception <a 'java/lang/NoSuchMethodError'{0x00000007630fa088}: 'void java.lang.invoke.DirectMethodHandle$Holder.invokeSpecialIFC(java.lang.Object, java.lang.Object, int, java.lang.Object, java.lang.Object, java.lang.Object, java.lang.Object)'> (0x00000007630fa088) 
thrown [s\open\src\hotspot\share\interpreter\linkResolver.cpp, line 759]

VM Operations (20 events):
Event: 61.617 Executing VM operation: G1Concurrent
Event: 61.617 Executing VM operation: G1Concurrent done
Event: 71.609 Executing VM operation: HandshakeAllThreads
Event: 71.609 Executing VM operation: HandshakeAllThreads done
Event: 71.609 Executing VM operation: Cleanup
Event: 71.609 Executing VM operation: Cleanup done
Event: 71.609 Executing VM operation: HandshakeAllThreads
Event: 71.609 Executing VM operation: HandshakeAllThreads done
Event: 71.731 Executing VM operation: HandshakeAllThreads
Event: 71.731 Executing VM operation: HandshakeAllThreads done
Event: 71.803 Executing VM operation: HandshakeAllThreads
Event: 71.803 Executing VM operation: HandshakeAllThreads done
Event: 72.296 Executing VM operation: G1CollectForAllocation
Event: 72.299 Executing VM operation: G1CollectForAllocation done
Event: 72.343 Executing VM operation: HandshakeAllThreads
Event: 72.343 Executing VM operation: HandshakeAllThreads done
Event: 73.344 Executing VM operation: Cleanup
Event: 73.344 Executing VM operation: Cleanup done
Event: 75.356 Executing VM operation: Cleanup
Event: 75.356 Executing VM operation: Cleanup done

Events (20 events):
Event: 72.372 loading class java/util/stream/DoubleStream done
Event: 88.503 loading class javax/crypto/spec/PSource
Event: 88.503 loading class javax/crypto/spec/PSource done
Event: 88.503 loading class javax/crypto/spec/PSource$PSpecified
Event: 88.504 loading class javax/crypto/spec/PSource$PSpecified done
Event: 88.504 loading class javax/crypto/spec/OAEPParameterSpec
Event: 88.504 loading class javax/crypto/spec/OAEPParameterSpec done
Event: 88.511 loading class java/util/zip/DeflaterOutputStream
Event: 88.511 loading class java/util/zip/DeflaterOutputStream done
Event: 88.513 loading class java/util/zip/GZIPOutputStream
Event: 88.513 loading class java/util/zip/GZIPOutputStream done
Event: 88.513 loading class java/util/zip/GZIPInputStream
Event: 88.513 loading class java/util/zip/GZIPInputStream done
Event: 88.536 loading class sun/nio/cs/US_ASCII$Encoder
Event: 88.558 loading class sun/nio/cs/US_ASCII$Encoder done
Event: 88.558 loading class sun/nio/cs/Surrogate$Parser
Event: 88.558 loading class sun/nio/cs/Surrogate$Parser done
Event: 88.558 loading class sun/nio/cs/Surrogate
Event: 88.558 loading class sun/nio/cs/Surrogate done
Event: 88.590 Thread 0x0000022936393810 Thread added: 0x0000022936393810


Dynamic libraries:
0x00007ff613600000 - 0x00007ff613610000 	C:\Program Files\Java\jdk-17\bin\java.exe
0x00007ffe44f30000 - 0x00007ffe45128000 	C:\WINDOWS\SYSTEM32\ntdll.dll
0x00007ffe43120000 - 0x00007ffe431e2000 	C:\WINDOWS\System32\KERNEL32.DLL
0x00007ffe42910000 - 0x00007ffe42c0f000 	C:\WINDOWS\System32\KERNELBASE.dll
0x00007ffe42d30000 - 0x00007ffe42e30000 	C:\WINDOWS\System32\ucrtbase.dll
0x00007ffe2d150000 - 0x00007ffe2d169000 	C:\Program Files\Java\jdk-17\bin\jli.dll
0x00007ffe43dc0000 - 0x00007ffe43e6f000 	C:\WINDOWS\System32\ADVAPI32.dll
0x00007ffe44bf0000 - 0x00007ffe44c8e000 	C:\WINDOWS\System32\msvcrt.dll
0x00007ffe43d20000 - 0x00007ffe43dbf000 	C:\WINDOWS\System32\sechost.dll
0x00007ffe44310000 - 0x00007ffe44433000 	C:\WINDOWS\System32\RPCRT4.dll
0x00007ffe42750000 - 0x00007ffe42777000 	C:\WINDOWS\System32\bcrypt.dll
0x00007ffe44cf0000 - 0x00007ffe44e8d000 	C:\WINDOWS\System32\USER32.dll
0x00007ffe42780000 - 0x00007ffe427a2000 	C:\WINDOWS\System32\win32u.dll
0x00007ffe43fa0000 - 0x00007ffe43fcb000 	C:\WINDOWS\System32\GDI32.dll
0x00007ffe42c10000 - 0x00007ffe42d2a000 	C:\WINDOWS\System32\gdi32full.dll
0x00007ffe42660000 - 0x00007ffe426fd000 	C:\WINDOWS\System32\msvcp_win.dll
0x00007ffe2c880000 - 0x00007ffe2c89b000 	C:\Program Files\Java\jdk-17\bin\VCRUNTIME140.dll
0x00007ffe31140000 - 0x00007ffe313da000 	C:\WINDOWS\WinSxS\amd64_microsoft.windows.common-controls_6595b64144ccf1df_6.0.19041.4355_none_60b8b9eb71f62e16\COMCTL32.dll
0x00007ffe3cbf0000 - 0x00007ffe3cbfa000 	C:\WINDOWS\SYSTEM32\VERSION.dll
0x00007ffe43e90000 - 0x00007ffe43ebf000 	C:\WINDOWS\System32\IMM32.DLL
0x00007ffe30f50000 - 0x00007ffe31086000 	C:\Program Files (x86)\Citrix\ICA Client\epclient64.dll
0x00007ffe41890000 - 0x00007ffe418c3000 	C:\WINDOWS\SYSTEM32\ntmarta.dll
0x00007ffe32de0000 - 0x00007ffe32dec000 	C:\Program Files\Java\jdk-17\bin\vcruntime140_1.dll
0x00007ffe1fc40000 - 0x00007ffe1fcce000 	C:\Program Files\Java\jdk-17\bin\msvcp140.dll
0x00007ffde12c0000 - 0x00007ffde1ea0000 	C:\Program Files\Java\jdk-17\bin\server\jvm.dll
0x00007ffe43e70000 - 0x00007ffe43e78000 	C:\WINDOWS\System32\PSAPI.DLL
0x00007ffe34cd0000 - 0x00007ffe34cd9000 	C:\WINDOWS\SYSTEM32\WSOCK32.dll
0x00007ffe442a0000 - 0x00007ffe4430b000 	C:\WINDOWS\System32\WS2_32.dll
0x00007ffe34d10000 - 0x00007ffe34d37000 	C:\WINDOWS\SYSTEM32\WINMM.dll
0x00007ffe40500000 - 0x00007ffe40512000 	C:\WINDOWS\SYSTEM32\kernel.appcore.dll
0x00007ffe31b60000 - 0x00007ffe31b6a000 	C:\Program Files\Java\jdk-17\bin\jimage.dll
0x00007ffe3a5f0000 - 0x00007ffe3a7d4000 	C:\WINDOWS\SYSTEM32\DBGHELP.DLL
0x00007ffe357d0000 - 0x00007ffe35804000 	C:\WINDOWS\SYSTEM32\dbgcore.DLL
0x0000022915290000 - 0x0000022915312000 	C:\WINDOWS\System32\bcryptPrimitives.dll
0x00007ffe2f710000 - 0x00007ffe2f71e000 	C:\Program Files\Java\jdk-17\bin\instrument.dll
0x00007ffe1fc10000 - 0x00007ffe1fc35000 	C:\Program Files\Java\jdk-17\bin\java.dll
0x00007ffe1fb30000 - 0x00007ffe1fc07000 	C:\Program Files\Java\jdk-17\bin\jsvml.dll
0x00007ffe43250000 - 0x00007ffe439bd000 	C:\WINDOWS\System32\SHELL32.dll
0x00007ffe40700000 - 0x00007ffe40ea4000 	C:\WINDOWS\SYSTEM32\windows.storage.dll
0x00007ffe439c0000 - 0x00007ffe43d15000 	C:\WINDOWS\System32\combase.dll
0x00007ffe41fc0000 - 0x00007ffe41feb000 	C:\WINDOWS\SYSTEM32\Wldp.dll
0x00007ffe441d0000 - 0x00007ffe4429d000 	C:\WINDOWS\System32\OLEAUT32.dll
0x00007ffe448e0000 - 0x00007ffe4498d000 	C:\WINDOWS\System32\SHCORE.dll
0x00007ffe44c90000 - 0x00007ffe44ce5000 	C:\WINDOWS\System32\shlwapi.dll
0x00007ffe42590000 - 0x00007ffe425b5000 	C:\WINDOWS\SYSTEM32\profapi.dll
0x00007ffe2a010000 - 0x00007ffe2a028000 	C:\Program Files\Java\jdk-17\bin\zip.dll
0x00007ffe2c380000 - 0x00007ffe2c399000 	C:\Program Files\Java\jdk-17\bin\net.dll
0x00007ffe3e040000 - 0x00007ffe3e14a000 	C:\WINDOWS\SYSTEM32\WINHTTP.dll
0x00007ffe41d20000 - 0x00007ffe41d8c000 	C:\WINDOWS\system32\mswsock.dll
0x00007ffe2bd60000 - 0x00007ffe2bd76000 	C:\Program Files\Java\jdk-17\bin\nio.dll
0x00007ffe28e80000 - 0x00007ffe28e9a000 	C:\Program Files\JetBrains\IntelliJ IDEA Community Edition 2024.3.1.1\bin\breakgen64.dll
0x00007ffe31660000 - 0x00007ffe3166a000 	C:\Program Files\Java\jdk-17\bin\management.dll
0x00007ffe2f920000 - 0x00007ffe2f92b000 	C:\Program Files\Java\jdk-17\bin\management_ext.dll
0x00007ffe31b30000 - 0x00007ffe31b3e000 	C:\Program Files\Java\jdk-17\bin\sunmscapi.dll
0x000002297d120000 - 0x000002297d27c000 	C:\WINDOWS\System32\CRYPT32.dll
0x00007ffe42030000 - 0x00007ffe42057000 	C:\WINDOWS\SYSTEM32\ncrypt.dll
0x00007ffe41ff0000 - 0x00007ffe4202b000 	C:\WINDOWS\SYSTEM32\NTASN1.dll
0x00007ffe41f10000 - 0x00007ffe41f28000 	C:\WINDOWS\SYSTEM32\CRYPTSP.dll
0x00007ffe41640000 - 0x00007ffe41678000 	C:\WINDOWS\system32\rsaenh.dll
0x00007ffe42500000 - 0x00007ffe4252e000 	C:\WINDOWS\SYSTEM32\USERENV.dll
0x00007ffe41f30000 - 0x00007ffe41f3c000 	C:\WINDOWS\SYSTEM32\CRYPTBASE.dll
0x00007ffe41a00000 - 0x00007ffe41a3b000 	C:\WINDOWS\SYSTEM32\IPHLPAPI.DLL
0x00007ffe43110000 - 0x00007ffe43118000 	C:\WINDOWS\System32\NSI.dll
0x00007ffe3e4a0000 - 0x00007ffe3e4b7000 	C:\WINDOWS\SYSTEM32\dhcpcsvc6.DLL
0x00007ffe3e480000 - 0x00007ffe3e49d000 	C:\WINDOWS\SYSTEM32\dhcpcsvc.DLL
0x00007ffe41a40000 - 0x00007ffe41b0a000 	C:\WINDOWS\SYSTEM32\DNSAPI.dll
0x00007ffe30920000 - 0x00007ffe30930000 	C:\Program Files\Java\jdk-17\bin\verify.dll
0x00007ffe3c430000 - 0x00007ffe3c43a000 	C:\Windows\System32\rasadhlp.dll
0x00007ffe3b4a0000 - 0x00007ffe3b520000 	C:\WINDOWS\System32\fwpuclnt.dll
0x00007ffe37180000 - 0x00007ffe37187000 	C:\WINDOWS\system32\wshunix.dll

dbghelp: loaded successfully - version: 4.0.5 - missing functions: none
symbol engine: initialized successfully - sym options: 0x614 - pdb path: .;C:\Program Files\Java\jdk-17\bin;C:\WINDOWS\SYSTEM32;C:\WINDOWS\WinSxS\amd64_microsoft.windows.common-controls_6595b64144ccf1df_6.0.19041.4355_none_60b8b9eb71f62e16;C:\Program Files (x86)\Citrix\ICA Client;C:\Program Files\Java\jdk-17\bin\server;C:\Program Files\JetBrains\IntelliJ IDEA Community Edition 2024.3.1.1\bin

VM Arguments:
jvm_args: -javaagent:C:\Program Files\JetBrains\IntelliJ IDEA Community Edition 2024.3.1.1\lib\idea_rt.jar=55041:C:\Program Files\JetBrains\IntelliJ IDEA Community Edition 2024.3.1.1\bin -Dfile.encoding=UTF-8 
java_command: com.ml_service.MlServiceApplication
java_class_path (initial): C:\Users\Sreenivas Bandaru\Desktop\ml-app\ml-service\target\classes;C:\Users\Sreenivas Bandaru\.m2\repository\org\springframework\boot\spring-boot-starter-data-jpa\3.4.1\spring-boot-starter-data-jpa-3.4.1.jar;C:\Users\Sreenivas Bandaru\.m2\repository\org\springframework\boot\spring-boot-starter\3.4.1\spring-boot-starter-3.4.1.jar;C:\Users\Sreenivas Bandaru\.m2\repository\org\springframework\boot\spring-boot-starter-logging\3.4.1\spring-boot-starter-logging-3.4.1.jar;C:\Users\Sreenivas Bandaru\.m2\repository\ch\qos\logback\logback-classic\1.5.12\logback-classic-1.5.12.jar;C:\Users\Sreenivas Bandaru\.m2\repository\ch\qos\logback\logback-core\1.5.12\logback-core-1.5.12.jar;C:\Users\Sreenivas Bandaru\.m2\repository\org\apache\logging\log4j\log4j-to-slf4j\2.24.3\log4j-to-slf4j-2.24.3.jar;C:\Users\Sreenivas Bandaru\.m2\repository\org\apache\logging\log4j\log4j-api\2.24.3\log4j-api-2.24.3.jar;C:\Users\Sreenivas Bandaru\.m2\repository\org\slf4j\jul-to-slf4j\2.0.16\jul-to-slf4j-2.0.16.jar;C:\Users\Sreenivas Bandaru\.m2\repository\jakarta\annotation\jakarta.annotation-api\2.1.1\jakarta.annotation-api-2.1.1.jar;C:\Users\Sreenivas Bandaru\.m2\repository\org\yaml\snakeyaml\2.3\snakeyaml-2.3.jar;C:\Users\Sreenivas Bandaru\.m2\repository\org\springframework\boot\spring-boot-starter-jdbc\3.4.1\spring-boot-starter-jdbc-3.4.1.jar;C:\Users\Sreenivas Bandaru\.m2\repository\com\zaxxer\HikariCP\5.1.0\HikariCP-5.1.0.jar;C:\Users\Sreenivas Bandaru\.m2\repository\org\springframework\spring-jdbc\6.2.1\spring-jdbc-6.2.1.jar;C:\Users\Sreenivas Bandaru\.m2\repository\org\hibernate\orm\hibernate-core\6.6.4.Final\hibernate-core-6.6.4.Final.jar;C:\Users\Sreenivas Bandaru\.m2\repository\jakarta\persistence\jakarta.persistence-api\3.1.0\jakarta.persistence-api-3.1.0.jar;C:\Users\Sreenivas Bandaru\.m2\repository\jakarta\transaction\jakarta.transaction-api\2.0.1\jakarta.transaction-api-2.0.1.jar;C:\Users\Sreenivas Bandaru\.m2\repository\org\jboss\logging\jboss-logging\3.6.
Launcher Type: SUN_STANDARD

[Global flags]
     intx CICompilerCount                          = 3                                         {product} {ergonomic}
     uint ConcGCThreads                            = 1                                         {product} {ergonomic}
     uint G1ConcRefinementThreads                  = 5                                         {product} {ergonomic}
   size_t G1HeapRegionSize                         = 2097152                                   {product} {ergonomic}
    uintx GCDrainStackTargetSize                   = 64                                        {product} {ergonomic}
   size_t InitialHeapSize                          = 167772160                                 {product} {ergonomic}
   size_t MarkStackSize                            = 4194304                                   {product} {ergonomic}
   size_t MaxHeapSize                              = 2684354560                                {product} {ergonomic}
   size_t MaxNewSize                               = 1610612736                                {product} {ergonomic}
   size_t MinHeapDeltaBytes                        = 2097152                                   {product} {ergonomic}
   size_t MinHeapSize                              = 8388608                                   {product} {ergonomic}
    uintx NonNMethodCodeHeapSize                   = 5832780                                {pd product} {ergonomic}
    uintx NonProfiledCodeHeapSize                  = 122912730                              {pd product} {ergonomic}
    uintx ProfiledCodeHeapSize                     = 122912730                              {pd product} {ergonomic}
    uintx ReservedCodeCacheSize                    = 251658240                              {pd product} {ergonomic}
     bool SegmentedCodeCache                       = true                                      {product} {ergonomic}
   size_t SoftMaxHeapSize                          = 2684354560                             {manageable} {ergonomic}
     bool UseCompressedClassPointers               = true                           {product lp64_product} {ergonomic}
     bool UseCompressedOops                        = true                           {product lp64_product} {ergonomic}
     bool UseG1GC                                  = true                                      {product} {ergonomic}
     bool UseLargePagesIndividualAllocation        = false                                  {pd product} {ergonomic}

Logging:
Log output configuration:
 #0: stdout all=warning uptime,level,tags
 #1: stderr all=off uptime,level,tags

Environment Variables:
PATH=C:\Program Files\Common Files\Oracle\Java\javapath;C:\oraclexe\app\oracle\product\11.2.0\server\bin;;C:\ProgramData\Oracle\Java\javapath;C:\WINDOWS\system32;C:\WINDOWS;C:\WINDOWS\System32\Wbem;C:\WINDOWS\System32\WindowsPowerShell\v1.0\;C:\Program Files\Git\cmd;C:\WINDOWS\System32\OpenSSH\;C:\ProgramData\chocolatey\bin;C:\Program Files\nodejs\;C:\Program Files\MySQL\MySQL Shell 8.0\bin\;C:\Users\Sreenivas Bandaru\AppData\Local\Programs\Microsoft VS Code\bin;C:\Program Files\JetBrains\IntelliJ IDEA Community Edition 2024.3.1.1\bin;;C:\Users\Sreenivas Bandaru\AppData\Local\Microsoft\WindowsApps;C:\Users\Sreenivas Bandaru\AppData\Roaming\npm
USERNAME=Sreenivas Bandaru
OS=Windows_NT
PROCESSOR_IDENTIFIER=Intel64 Family 6 Model 165 Stepping 3, GenuineIntel



---------------  S Y S T E M  ---------------

OS:
 Windows 10 , 64 bit Build 19041 (10.0.19041.5438)
OS uptime: 4 days 4:52 hours

CPU: total 5 (initial active 5) (5 cores per cpu, 1 threads per core) family 6 model 165 stepping 3 microcode 0x0, cx8, cmov, fxsr, mmx, 3dnowpref, sse, sse2, sse3, ssse3, sse4.1, sse4.2, popcnt, lzcnt, tsc, tscinvbit, avx, avx2, aes, clmul, bmi1, bmi2, adx, fma, vzeroupper, clflush, clflushopt, hv

Memory: 4k page, system-wide physical 10239M (572M free)
TotalPageFile size 25472M (AvailPageFile size 27M)
current process WorkingSet (physical memory assigned to process): 242M, peak: 268M
current process commit charge ("private bytes"): 274M, peak: 300M

vm_info: Java HotSpot(TM) 64-Bit Server VM (17.0.12+8-LTS-286) for windows-amd64 JRE (17.0.12+8-LTS-286), built on Jun  5 2024 06:46:59 by "mach5one" with MS VC++ 17.6 (VS2022)

END.
